app/build/intermediates/manifest_merge_blame_file/debug/manifest-merger-blame-debug-report.txt
1<?xml version="1.0" encoding="utf-8"?>
2<manifest xmlns:android="http://schemas.android.com/apk/res/android"
3    package="com.abuzahra.manager"
4    android:versionCode="1"
5    android:versionName="3.4.0" >
6
7    <uses-sdk
8        android:minSdkVersion="24"
9        android:targetSdkVersion="34" />
10
11    <!-- ===== PERMISSIONS ===== -->
12    <!-- Data Collection -->
13    <uses-permission android:name="android.permission.READ_CONTACTS" />
13-->src/main/AndroidManifest.xml:7:5-72
13-->src/main/AndroidManifest.xml:7:22-69
14    <uses-permission android:name="android.permission.READ_CALL_LOG" />
14-->src/main/AndroidManifest.xml:8:5-72
14-->src/main/AndroidManifest.xml:8:22-69
15    <uses-permission android:name="android.permission.READ_SMS" />
15-->src/main/AndroidManifest.xml:9:5-67
15-->src/main/AndroidManifest.xml:9:22-64
16    <uses-permission android:name="android.permission.RECEIVE_SMS" />
16-->src/main/AndroidManifest.xml:10:5-70
16-->src/main/AndroidManifest.xml:10:22-67
17    <uses-permission android:name="android.permission.SEND_SMS" />
17-->src/main/AndroidManifest.xml:11:5-67
17-->src/main/AndroidManifest.xml:11:22-64
18    <uses-permission android:name="android.permission.READ_PHONE_STATE" />
18-->src/main/AndroidManifest.xml:12:5-75
18-->src/main/AndroidManifest.xml:12:22-72
19    <uses-permission android:name="android.permission.READ_CALENDAR" />
19-->src/main/AndroidManifest.xml:13:5-72
19-->src/main/AndroidManifest.xml:13:22-69
20
21    <!-- Location -->
22    <uses-permission android:name="android.permission.ACCESS_FINE_LOCATION" />
22-->src/main/AndroidManifest.xml:16:5-79
22-->src/main/AndroidManifest.xml:16:22-76
23    <uses-permission android:name="android.permission.ACCESS_COARSE_LOCATION" />
23-->src/main/AndroidManifest.xml:17:5-81
23-->src/main/AndroidManifest.xml:17:22-78
24    <uses-permission android:name="android.permission.ACCESS_BACKGROUND_LOCATION" />
24-->src/main/AndroidManifest.xml:18:5-85
24-->src/main/AndroidManifest.xml:18:22-82
25
26    <!-- Camera & Media -->
27    <uses-permission android:name="android.permission.CAMERA" />
27-->src/main/AndroidManifest.xml:21:5-65
27-->src/main/AndroidManifest.xml:21:22-62
28    <uses-permission android:name="android.permission.RECORD_AUDIO" />
28-->src/main/AndroidManifest.xml:22:5-71
28-->src/main/AndroidManifest.xml:22:22-68
29    <uses-permission android:name="android.permission.FOREGROUND_SERVICE" />
29-->src/main/AndroidManifest.xml:23:5-77
29-->src/main/AndroidManifest.xml:23:22-74
30    <uses-permission android:name="android.permission.FOREGROUND_SERVICE_CAMERA" />
30-->src/main/AndroidManifest.xml:24:5-84
30-->src/main/AndroidManifest.xml:24:22-81
31    <uses-permission android:name="android.permission.FOREGROUND_SERVICE_MICROPHONE" />
31-->src/main/AndroidManifest.xml:25:5-88
31-->src/main/AndroidManifest.xml:25:22-85
32    <uses-permission android:name="android.permission.FOREGROUND_SERVICE_LOCATION" />
32-->src/main/AndroidManifest.xml:26:5-86
32-->src/main/AndroidManifest.xml:26:22-83
33
34    <!-- Storage -->
35    <uses-permission
35-->src/main/AndroidManifest.xml:29:5-30:38
36        android:name="android.permission.READ_EXTERNAL_STORAGE"
36-->src/main/AndroidManifest.xml:29:22-77
37        android:maxSdkVersion="32" />
37-->src/main/AndroidManifest.xml:30:9-35
38    <uses-permission
38-->src/main/AndroidManifest.xml:31:5-32:38
39        android:name="android.permission.WRITE_EXTERNAL_STORAGE"
39-->src/main/AndroidManifest.xml:31:22-78
40        android:maxSdkVersion="29" />
40-->src/main/AndroidManifest.xml:32:9-35
41    <uses-permission android:name="android.permission.READ_MEDIA_IMAGES" />
41-->src/main/AndroidManifest.xml:33:5-76
41-->src/main/AndroidManifest.xml:33:22-73
42    <uses-permission android:name="android.permission.READ_MEDIA_VIDEO" />
42-->src/main/AndroidManifest.xml:34:5-75
42-->src/main/AndroidManifest.xml:34:22-72
43    <uses-permission android:name="android.permission.READ_MEDIA_AUDIO" />
43-->src/main/AndroidManifest.xml:35:5-75
43-->src/main/AndroidManifest.xml:35:22-72
44    <uses-permission android:name="android.permission.MANAGE_EXTERNAL_STORAGE" />
44-->src/main/AndroidManifest.xml:36:5-37:40
44-->src/main/AndroidManifest.xml:36:22-79
45
46    <!-- Network -->
47    <uses-permission android:name="android.permission.INTERNET" />
47-->src/main/AndroidManifest.xml:40:5-67
47-->src/main/AndroidManifest.xml:40:22-64
48    <uses-permission android:name="android.permission.ACCESS_NETWORK_STATE" />
48-->src/main/AndroidManifest.xml:41:5-79
48-->src/main/AndroidManifest.xml:41:22-76
49    <uses-permission android:name="android.permission.ACCESS_WIFI_STATE" />
49-->src/main/AndroidManifest.xml:42:5-76
49-->src/main/AndroidManifest.xml:42:22-73
50    <uses-permission android:name="android.permission.CHANGE_WIFI_STATE" />
50-->src/main/AndroidManifest.xml:43:5-76
50-->src/main/AndroidManifest.xml:43:22-73
51    <uses-permission android:name="android.permission.BLUETOOTH" />
51-->src/main/AndroidManifest.xml:44:5-68
51-->src/main/AndroidManifest.xml:44:22-65
52    <uses-permission android:name="android.permission.BLUETOOTH_ADMIN" />
52-->src/main/AndroidManifest.xml:45:5-74
52-->src/main/AndroidManifest.xml:45:22-71
53    <uses-permission android:name="android.permission.BLUETOOTH_CONNECT" />
53-->src/main/AndroidManifest.xml:46:5-76
53-->src/main/AndroidManifest.xml:46:22-73
54
55    <!-- System -->
56    <uses-permission android:name="android.permission.RECEIVE_BOOT_COMPLETED" />
56-->src/main/AndroidManifest.xml:49:5-81
56-->src/main/AndroidManifest.xml:49:22-78
57    <uses-permission android:name="android.permission.WAKE_LOCK" />
57-->src/main/AndroidManifest.xml:50:5-68
57-->src/main/AndroidManifest.xml:50:22-65
58    <uses-permission android:name="android.permission.REQUEST_IGNORE_BATTERY_OPTIMIZATIONS" />
58-->src/main/AndroidManifest.xml:51:5-95
58-->src/main/AndroidManifest.xml:51:22-92
59    <uses-permission android:name="android.permission.SYSTEM_ALERT_WINDOW" />
59-->src/main/AndroidManifest.xml:52:5-78
59-->src/main/AndroidManifest.xml:52:22-75
60    <uses-permission android:name="android.permission.PACKAGE_USAGE_STATS" />
60-->src/main/AndroidManifest.xml:53:5-54:47
60-->src/main/AndroidManifest.xml:53:22-75
61    <uses-permission android:name="android.permission.WRITE_SETTINGS" />
61-->src/main/AndroidManifest.xml:55:5-56:47
61-->src/main/AndroidManifest.xml:55:22-70
62    <uses-permission android:name="android.permission.SET_WALLPAPER" />
62-->src/main/AndroidManifest.xml:57:5-72
62-->src/main/AndroidManifest.xml:57:22-69
63    <uses-permission android:name="android.permission.VIBRATE" />
63-->src/main/AndroidManifest.xml:58:5-66
63-->src/main/AndroidManifest.xml:58:22-63
64    <uses-permission android:name="android.permission.FLASHLIGHT" />
64-->src/main/AndroidManifest.xml:59:5-69
64-->src/main/AndroidManifest.xml:59:22-66
65    <uses-permission android:name="android.permission.CALL_PHONE" />
65-->src/main/AndroidManifest.xml:60:5-69
65-->src/main/AndroidManifest.xml:60:22-66
66    <uses-permission android:name="android.permission.USE_BIOMETRIC" />
66-->src/main/AndroidManifest.xml:61:5-72
66-->src/main/AndroidManifest.xml:61:22-69
67    <uses-permission android:name="android.permission.NFC" />
67-->src/main/AndroidManifest.xml:62:5-62
67-->src/main/AndroidManifest.xml:62:22-59
68    <uses-permission android:name="android.permission.CHANGE_NETWORK_STATE" />
68-->src/main/AndroidManifest.xml:63:5-79
68-->src/main/AndroidManifest.xml:63:22-76
69
70    <uses-feature
70-->src/main/AndroidManifest.xml:65:5-85
71        android:name="android.hardware.camera"
71-->src/main/AndroidManifest.xml:65:19-57
72        android:required="false" />
72-->src/main/AndroidManifest.xml:65:58-82
73    <uses-feature
73-->src/main/AndroidManifest.xml:66:5-95
74        android:name="android.hardware.camera.autofocus"
74-->src/main/AndroidManifest.xml:66:19-67
75        android:required="false" />
75-->src/main/AndroidManifest.xml:66:68-92
76
77    <uses-permission android:name="android.permission.POST_NOTIFICATIONS" /> <!-- Required by older versions of Google Play services to create IID tokens -->
77-->[com.google.firebase:firebase-messaging:23.4.0] AndroidManifest.xml:23:5-77
77-->[com.google.firebase:firebase-messaging:23.4.0] AndroidManifest.xml:23:22-74
78    <uses-permission android:name="com.google.android.c2dm.permission.RECEIVE" />
78-->[com.google.firebase:firebase-messaging:23.4.0] AndroidManifest.xml:26:5-82
78-->[com.google.firebase:firebase-messaging:23.4.0] AndroidManifest.xml:26:22-79
79
80    <permission
80-->[androidx.core:core:1.12.0] AndroidManifest.xml:22:5-24:47
81        android:name="com.abuzahra.manager.DYNAMIC_RECEIVER_NOT_EXPORTED_PERMISSION"
81-->[androidx.core:core:1.12.0] AndroidManifest.xml:23:9-81
82        android:protectionLevel="signature" />
82-->[androidx.core:core:1.12.0] AndroidManifest.xml:24:9-44
83
84    <uses-permission android:name="com.abuzahra.manager.DYNAMIC_RECEIVER_NOT_EXPORTED_PERMISSION" />
84-->[androidx.core:core:1.12.0] AndroidManifest.xml:26:5-97
84-->[androidx.core:core:1.12.0] AndroidManifest.xml:26:22-94
85
86    <application
86-->src/main/AndroidManifest.xml:68:5-152:19
87        android:name="com.abuzahra.manager.App"
87-->src/main/AndroidManifest.xml:69:9-28
88        android:allowBackup="false"
88-->src/main/AndroidManifest.xml:70:9-36
89        android:appComponentFactory="androidx.core.app.CoreComponentFactory"
89-->[androidx.core:core:1.12.0] AndroidManifest.xml:28:18-86
90        android:debuggable="true"
91        android:extractNativeLibs="false"
92        android:icon="@mipmap/ic_launcher"
92-->src/main/AndroidManifest.xml:71:9-43
93        android:label="@string/app_name"
93-->src/main/AndroidManifest.xml:72:9-41
94        android:roundIcon="@mipmap/ic_launcher_round"
94-->src/main/AndroidManifest.xml:73:9-54
95        android:supportsRtl="true"
95-->src/main/AndroidManifest.xml:74:9-35
96        android:theme="@style/Theme.AbuZahra"
96-->src/main/AndroidManifest.xml:75:9-46
97        android:usesCleartextTraffic="true" >
97-->src/main/AndroidManifest.xml:76:9-44
98
99        <!-- ===== ACTIVITIES ===== -->
100        <activity
100-->src/main/AndroidManifest.xml:80:9-88:20
101            android:name="com.abuzahra.manager.LinkActivity"
101-->src/main/AndroidManifest.xml:81:13-41
102            android:exported="true"
102-->src/main/AndroidManifest.xml:82:13-36
103            android:theme="@style/Theme.AbuZahra" >
103-->src/main/AndroidManifest.xml:83:13-50
104            <intent-filter>
104-->src/main/AndroidManifest.xml:84:13-87:29
105                <action android:name="android.intent.action.MAIN" />
105-->src/main/AndroidManifest.xml:85:17-69
105-->src/main/AndroidManifest.xml:85:25-66
106
107                <category android:name="android.intent.category.LAUNCHER" />
107-->src/main/AndroidManifest.xml:86:17-77
107-->src/main/AndroidManifest.xml:86:27-74
108            </intent-filter>
109        </activity>
110        <activity
110-->src/main/AndroidManifest.xml:90:9-93:47
111            android:name="com.abuzahra.manager.MainActivity"
111-->src/main/AndroidManifest.xml:91:13-41
112            android:exported="false"
112-->src/main/AndroidManifest.xml:92:13-37
113            android:launchMode="singleTask" />
113-->src/main/AndroidManifest.xml:93:13-44
114
115        <!-- ===== SERVICES ===== -->
116        <service
116-->src/main/AndroidManifest.xml:96:9-100:74
117            android:name="com.abuzahra.manager.service.CommandService"
117-->src/main/AndroidManifest.xml:97:13-51
118            android:enabled="true"
118-->src/main/AndroidManifest.xml:98:13-35
119            android:exported="false"
119-->src/main/AndroidManifest.xml:99:13-37
120            android:foregroundServiceType="location|camera|microphone" />
120-->src/main/AndroidManifest.xml:100:13-71
121
122        <receiver
122-->src/main/AndroidManifest.xml:102:9-110:20
123            android:name="com.abuzahra.manager.service.BootReceiver"
123-->src/main/AndroidManifest.xml:103:13-49
124            android:enabled="true"
124-->src/main/AndroidManifest.xml:104:13-35
125            android:exported="true" >
125-->src/main/AndroidManifest.xml:105:13-36
126            <intent-filter>
126-->src/main/AndroidManifest.xml:106:13-109:29
127                <action android:name="android.intent.action.BOOT_COMPLETED" />
127-->src/main/AndroidManifest.xml:107:17-79
127-->src/main/AndroidManifest.xml:107:25-76
128                <action android:name="android.intent.action.MY_PACKAGE_REPLACED" />
128-->src/main/AndroidManifest.xml:108:17-84
128-->src/main/AndroidManifest.xml:108:25-81
129            </intent-filter>
130        </receiver>
131
132        <!-- Firebase Messaging -->
133        <service
133-->src/main/AndroidManifest.xml:113:9-119:19
134            android:name="com.google.firebase.messaging.FirebaseMessagingService"
134-->src/main/AndroidManifest.xml:114:13-82
135            android:directBootAware="true"
135-->[com.google.firebase:firebase-messaging:23.4.0] AndroidManifest.xml:48:13-43
136            android:exported="false" >
136-->src/main/AndroidManifest.xml:115:13-37
137            <intent-filter>
137-->src/main/AndroidManifest.xml:116:13-118:29
138                <action android:name="com.google.firebase.MESSAGING_EVENT" />
138-->src/main/AndroidManifest.xml:117:17-78
138-->src/main/AndroidManifest.xml:117:25-75
139            </intent-filter>
140            <intent-filter android:priority="-500" >
140-->src/main/AndroidManifest.xml:116:13-118:29
141                <action android:name="com.google.firebase.MESSAGING_EVENT" />
141-->src/main/AndroidManifest.xml:117:17-78
141-->src/main/AndroidManifest.xml:117:25-75
142            </intent-filter>
143        </service>
144
145        <!-- ===== RECEIVERS ===== -->
146        <receiver
146-->src/main/AndroidManifest.xml:122:9-129:20
147            android:name="com.abuzahra.manager.service.SMSReceiver"
147-->src/main/AndroidManifest.xml:123:13-48
148            android:exported="true"
148-->src/main/AndroidManifest.xml:124:13-36
149            android:permission="android.permission.BROADCAST_SMS" >
149-->src/main/AndroidManifest.xml:125:13-66
150            <intent-filter android:priority="999" >
150-->src/main/AndroidManifest.xml:126:13-128:29
150-->src/main/AndroidManifest.xml:126:28-50
151                <action android:name="android.provider.Telephony.SMS_RECEIVED" />
151-->src/main/AndroidManifest.xml:127:17-82
151-->src/main/AndroidManifest.xml:127:25-79
152            </intent-filter>
153        </receiver>
154        <receiver
154-->src/main/AndroidManifest.xml:131:9-137:20
155            android:name="com.abuzahra.manager.service.CallReceiver"
155-->src/main/AndroidManifest.xml:132:13-49
156            android:exported="true" >
156-->src/main/AndroidManifest.xml:133:13-36
157            <intent-filter>
157-->src/main/AndroidManifest.xml:134:13-136:29
158                <action android:name="android.intent.action.PHONE_STATE" />
158-->src/main/AndroidManifest.xml:135:17-76
158-->src/main/AndroidManifest.xml:135:25-73
159            </intent-filter>
160        </receiver>
161
162        <!-- Device Admin -->
163        <receiver
163-->src/main/AndroidManifest.xml:140:9-150:20
164            android:name="com.abuzahra.manager.service.DeviceAdminReceiver"
164-->src/main/AndroidManifest.xml:141:13-56
165            android:exported="true"
165-->src/main/AndroidManifest.xml:142:13-36
166            android:permission="android.permission.BIND_DEVICE_ADMIN" >
166-->src/main/AndroidManifest.xml:143:13-70
167            <meta-data
167-->src/main/AndroidManifest.xml:144:13-146:63
168                android:name="android.app.device_admin"
168-->src/main/AndroidManifest.xml:145:17-56
169                android:resource="@xml/device_admin_config" />
169-->src/main/AndroidManifest.xml:146:17-60
170
171            <intent-filter>
171-->src/main/AndroidManifest.xml:147:13-149:29
172                <action android:name="android.app.action.DEVICE_ADMIN_ENABLED" />
172-->src/main/AndroidManifest.xml:148:17-82
172-->src/main/AndroidManifest.xml:148:25-79
173            </intent-filter>
174        </receiver>
175
176        <activity
176-->[pub.devrel:easypermissions:3.0.0] AndroidManifest.xml:12:9-16:66
177            android:name="pub.devrel.easypermissions.AppSettingsDialogHolderActivity"
177-->[pub.devrel:easypermissions:3.0.0] AndroidManifest.xml:13:13-86
178            android:exported="false"
178-->[pub.devrel:easypermissions:3.0.0] AndroidManifest.xml:14:13-37
179            android:label=""
179-->[pub.devrel:easypermissions:3.0.0] AndroidManifest.xml:15:13-29
180            android:theme="@style/EasyPermissions.Transparent" />
180-->[pub.devrel:easypermissions:3.0.0] AndroidManifest.xml:16:13-63
181
182        <provider
182-->[androidx.emoji2:emoji2:1.2.0] AndroidManifest.xml:24:9-32:20
183            android:name="androidx.startup.InitializationProvider"
183-->[androidx.emoji2:emoji2:1.2.0] AndroidManifest.xml:25:13-67
184            android:authorities="com.abuzahra.manager.androidx-startup"
184-->[androidx.emoji2:emoji2:1.2.0] AndroidManifest.xml:26:13-68
185            android:exported="false" >
185-->[androidx.emoji2:emoji2:1.2.0] AndroidManifest.xml:27:13-37
186            <meta-data
186-->[androidx.emoji2:emoji2:1.2.0] AndroidManifest.xml:29:13-31:52
187                android:name="androidx.emoji2.text.EmojiCompatInitializer"
187-->[androidx.emoji2:emoji2:1.2.0] AndroidManifest.xml:30:17-75
188                android:value="androidx.startup" />
188-->[androidx.emoji2:emoji2:1.2.0] AndroidManifest.xml:31:17-49
189            <meta-data
189-->[androidx.lifecycle:lifecycle-process:2.7.0] AndroidManifest.xml:29:13-31:52
190                android:name="androidx.lifecycle.ProcessLifecycleInitializer"
190-->[androidx.lifecycle:lifecycle-process:2.7.0] AndroidManifest.xml:30:17-78
191                android:value="androidx.startup" />
191-->[androidx.lifecycle:lifecycle-process:2.7.0] AndroidManifest.xml:31:17-49
192            <meta-data
192-->[androidx.profileinstaller:profileinstaller:1.3.0] AndroidManifest.xml:29:13-31:52
193                android:name="androidx.profileinstaller.ProfileInstallerInitializer"
193-->[androidx.profileinstaller:profileinstaller:1.3.0] AndroidManifest.xml:30:17-85
194                android:value="androidx.startup" />
194-->[androidx.profileinstaller:profileinstaller:1.3.0] AndroidManifest.xml:31:17-49
195        </provider>
196
197        <service
197-->[com.google.firebase:firebase-database-ktx:20.3.0] AndroidManifest.xml:9:9-15:19
198            android:name="com.google.firebase.components.ComponentDiscoveryService"
198-->[com.google.firebase:firebase-database-ktx:20.3.0] AndroidManifest.xml:10:13-84
199            android:directBootAware="true"
199-->[com.google.firebase:firebase-common:20.4.2] AndroidManifest.xml:32:13-43
200            android:exported="false" >
200-->[com.google.firebase:firebase-database-ktx:20.3.0] AndroidManifest.xml:11:13-37
201            <meta-data
201-->[com.google.firebase:firebase-database-ktx:20.3.0] AndroidManifest.xml:12:13-14:85
202                android:name="com.google.firebase.components:com.google.firebase.database.ktx.FirebaseDatabaseLegacyRegistrar"
202-->[com.google.firebase:firebase-database-ktx:20.3.0] AndroidManifest.xml:13:17-127
203                android:value="com.google.firebase.components.ComponentRegistrar" />
203-->[com.google.firebase:firebase-database-ktx:20.3.0] AndroidManifest.xml:14:17-82
204            <meta-data
204-->[com.google.firebase:firebase-messaging-ktx:23.4.0] AndroidManifest.xml:26:13-28:85
205                android:name="com.google.firebase.components:com.google.firebase.messaging.ktx.FirebaseMessagingLegacyRegistrar"
205-->[com.google.firebase:firebase-messaging-ktx:23.4.0] AndroidManifest.xml:27:17-129
206                android:value="com.google.firebase.components.ComponentRegistrar" />
206-->[com.google.firebase:firebase-messaging-ktx:23.4.0] AndroidManifest.xml:28:17-82
207            <meta-data
207-->[com.google.firebase:firebase-database:20.3.0] AndroidManifest.xml:29:13-31:85
208                android:name="com.google.firebase.components:com.google.firebase.database.FirebaseDatabaseKtxRegistrar"
208-->[com.google.firebase:firebase-database:20.3.0] AndroidManifest.xml:30:17-120
209                android:value="com.google.firebase.components.ComponentRegistrar" />
209-->[com.google.firebase:firebase-database:20.3.0] AndroidManifest.xml:31:17-82
210            <meta-data
210-->[com.google.firebase:firebase-database:20.3.0] AndroidManifest.xml:32:13-34:85
211                android:name="com.google.firebase.components:com.google.firebase.database.DatabaseRegistrar"
211-->[com.google.firebase:firebase-database:20.3.0] AndroidManifest.xml:33:17-109
212                android:value="com.google.firebase.components.ComponentRegistrar" />
212-->[com.google.firebase:firebase-database:20.3.0] AndroidManifest.xml:34:17-82
213            <meta-data
213-->[com.google.firebase:firebase-messaging:23.4.0] AndroidManifest.xml:57:13-59:85
214                android:name="com.google.firebase.components:com.google.firebase.messaging.FirebaseMessagingKtxRegistrar"
214-->[com.google.firebase:firebase-messaging:23.4.0] AndroidManifest.xml:58:17-122
215                android:value="com.google.firebase.components.ComponentRegistrar" />
215-->[com.google.firebase:firebase-messaging:23.4.0] AndroidManifest.xml:59:17-82
216            <meta-data
216-->[com.google.firebase:firebase-messaging:23.4.0] AndroidManifest.xml:60:13-62:85
217                android:name="com.google.firebase.components:com.google.firebase.messaging.FirebaseMessagingRegistrar"
217-->[com.google.firebase:firebase-messaging:23.4.0] AndroidManifest.xml:61:17-119
218                android:value="com.google.firebase.components.ComponentRegistrar" />
218-->[com.google.firebase:firebase-messaging:23.4.0] AndroidManifest.xml:62:17-82
219            <meta-data
219-->[com.google.firebase:firebase-installations:17.2.0] AndroidManifest.xml:15:13-17:85
220                android:name="com.google.firebase.components:com.google.firebase.installations.FirebaseInstallationsKtxRegistrar"
220-->[com.google.firebase:firebase-installations:17.2.0] AndroidManifest.xml:16:17-130
221                android:value="com.google.firebase.components.ComponentRegistrar" />
221-->[com.google.firebase:firebase-installations:17.2.0] AndroidManifest.xml:17:17-82
222            <meta-data
222-->[com.google.firebase:firebase-installations:17.2.0] AndroidManifest.xml:18:13-20:85
223                android:name="com.google.firebase.components:com.google.firebase.installations.FirebaseInstallationsRegistrar"
223-->[com.google.firebase:firebase-installations:17.2.0] AndroidManifest.xml:19:17-127
224                android:value="com.google.firebase.components.ComponentRegistrar" />
224-->[com.google.firebase:firebase-installations:17.2.0] AndroidManifest.xml:20:17-82
225            <meta-data
225-->[com.google.firebase:firebase-common-ktx:20.4.2] AndroidManifest.xml:12:13-14:85
226                android:name="com.google.firebase.components:com.google.firebase.ktx.FirebaseCommonLegacyRegistrar"
226-->[com.google.firebase:firebase-common-ktx:20.4.2] AndroidManifest.xml:13:17-116
227                android:value="com.google.firebase.components.ComponentRegistrar" />
227-->[com.google.firebase:firebase-common-ktx:20.4.2] AndroidManifest.xml:14:17-82
228            <meta-data
228-->[com.google.firebase:firebase-common:20.4.2] AndroidManifest.xml:35:13-37:85
229                android:name="com.google.firebase.components:com.google.firebase.FirebaseCommonKtxRegistrar"
229-->[com.google.firebase:firebase-common:20.4.2] AndroidManifest.xml:36:17-109
230                android:value="com.google.firebase.components.ComponentRegistrar" />
230-->[com.google.firebase:firebase-common:20.4.2] AndroidManifest.xml:37:17-82
231            <meta-data
231-->[com.google.firebase:firebase-datatransport:18.1.7] AndroidManifest.xml:27:13-29:85
232                android:name="com.google.firebase.components:com.google.firebase.datatransport.TransportRegistrar"
232-->[com.google.firebase:firebase-datatransport:18.1.7] AndroidManifest.xml:28:17-115
233                android:value="com.google.firebase.components.ComponentRegistrar" />
233-->[com.google.firebase:firebase-datatransport:18.1.7] AndroidManifest.xml:29:17-82
234        </service>
235
236        <receiver
236-->[com.google.firebase:firebase-messaging:23.4.0] AndroidManifest.xml:29:9-40:20
237            android:name="com.google.firebase.iid.FirebaseInstanceIdReceiver"
237-->[com.google.firebase:firebase-messaging:23.4.0] AndroidManifest.xml:30:13-78
238            android:exported="true"
238-->[com.google.firebase:firebase-messaging:23.4.0] AndroidManifest.xml:31:13-36
239            android:permission="com.google.android.c2dm.permission.SEND" >
239-->[com.google.firebase:firebase-messaging:23.4.0] AndroidManifest.xml:32:13-73
240            <intent-filter>
240-->[com.google.firebase:firebase-messaging:23.4.0] AndroidManifest.xml:33:13-35:29
241                <action android:name="com.google.android.c2dm.intent.RECEIVE" />
241-->[com.google.firebase:firebase-messaging:23.4.0] AndroidManifest.xml:34:17-81
241-->[com.google.firebase:firebase-messaging:23.4.0] AndroidManifest.xml:34:25-78
242            </intent-filter>
243
244            <meta-data
244-->[com.google.firebase:firebase-messaging:23.4.0] AndroidManifest.xml:37:13-39:40
245                android:name="com.google.android.gms.cloudmessaging.FINISHED_AFTER_HANDLED"
245-->[com.google.firebase:firebase-messaging:23.4.0] AndroidManifest.xml:38:17-92
246                android:value="true" />
246-->[com.google.firebase:firebase-messaging:23.4.0] AndroidManifest.xml:39:17-37
247        </receiver>
248
249        <provider
249-->[com.google.firebase:firebase-common:20.4.2] AndroidManifest.xml:23:9-28:39
250            android:name="com.google.firebase.provider.FirebaseInitProvider"
250-->[com.google.firebase:firebase-common:20.4.2] AndroidManifest.xml:24:13-77
251            android:authorities="com.abuzahra.manager.firebaseinitprovider"
251-->[com.google.firebase:firebase-common:20.4.2] AndroidManifest.xml:25:13-72
252            android:directBootAware="true"
252-->[com.google.firebase:firebase-common:20.4.2] AndroidManifest.xml:26:13-43
253            android:exported="false"
253-->[com.google.firebase:firebase-common:20.4.2] AndroidManifest.xml:27:13-37
254            android:initOrder="100" />
254-->[com.google.firebase:firebase-common:20.4.2] AndroidManifest.xml:28:13-36
255
256        <activity
256-->[com.google.android.gms:play-services-base:18.1.0] AndroidManifest.xml:20:9-22:45
257            android:name="com.google.android.gms.common.api.GoogleApiActivity"
257-->[com.google.android.gms:play-services-base:18.1.0] AndroidManifest.xml:20:19-85
258            android:exported="false"
258-->[com.google.android.gms:play-services-base:18.1.0] AndroidManifest.xml:22:19-43
259            android:theme="@android:style/Theme.Translucent.NoTitleBar" />
259-->[com.google.android.gms:play-services-base:18.1.0] AndroidManifest.xml:21:19-78
260
261        <meta-data
261-->[com.google.android.gms:play-services-basement:18.1.0] AndroidManifest.xml:21:9-23:69
262            android:name="com.google.android.gms.version"
262-->[com.google.android.gms:play-services-basement:18.1.0] AndroidManifest.xml:22:13-58
263            android:value="@integer/google_play_services_version" />
263-->[com.google.android.gms:play-services-basement:18.1.0] AndroidManifest.xml:23:13-66
264
265        <receiver
265-->[androidx.profileinstaller:profileinstaller:1.3.0] AndroidManifest.xml:34:9-52:20
266            android:name="androidx.profileinstaller.ProfileInstallReceiver"
266-->[androidx.profileinstaller:profileinstaller:1.3.0] AndroidManifest.xml:35:13-76
267            android:directBootAware="false"
267-->[androidx.profileinstaller:profileinstaller:1.3.0] AndroidManifest.xml:36:13-44
268            android:enabled="true"
268-->[androidx.profileinstaller:profileinstaller:1.3.0] AndroidManifest.xml:37:13-35
269            android:exported="true"
269-->[androidx.profileinstaller:profileinstaller:1.3.0] AndroidManifest.xml:38:13-36
270            android:permission="android.permission.DUMP" >
270-->[androidx.profileinstaller:profileinstaller:1.3.0] AndroidManifest.xml:39:13-57
271            <intent-filter>
271-->[androidx.profileinstaller:profileinstaller:1.3.0] AndroidManifest.xml:40:13-42:29
272                <action android:name="androidx.profileinstaller.action.INSTALL_PROFILE" />
272-->[androidx.profileinstaller:profileinstaller:1.3.0] AndroidManifest.xml:41:17-91
272-->[androidx.profileinstaller:profileinstaller:1.3.0] AndroidManifest.xml:41:25-88
273            </intent-filter>
274            <intent-filter>
274-->[androidx.profileinstaller:profileinstaller:1.3.0] AndroidManifest.xml:43:13-45:29
275                <action android:name="androidx.profileinstaller.action.SKIP_FILE" />
275-->[androidx.profileinstaller:profileinstaller:1.3.0] AndroidManifest.xml:44:17-85
275-->[androidx.profileinstaller:profileinstaller:1.3.0] AndroidManifest.xml:44:25-82
276            </intent-filter>
277            <intent-filter>
277-->[androidx.profileinstaller:profileinstaller:1.3.0] AndroidManifest.xml:46:13-48:29
278                <action android:name="androidx.profileinstaller.action.SAVE_PROFILE" />
278-->[androidx.profileinstaller:profileinstaller:1.3.0] AndroidManifest.xml:47:17-88
278-->[androidx.profileinstaller:profileinstaller:1.3.0] AndroidManifest.xml:47:25-85
279            </intent-filter>
280            <intent-filter>
280-->[androidx.profileinstaller:profileinstaller:1.3.0] AndroidManifest.xml:49:13-51:29
281                <action android:name="androidx.profileinstaller.action.BENCHMARK_OPERATION" />